------------------------------------------------------------------------------------------------------------------------

[2021-06-08 16:58:21 #1 store] 
Database 'C:\Users\acr12\OneDrive\Documentos\Universidad\Segundo\IS\Evaluacion Global\Bets21-master\Lab01\resources\bets.temp' is opened by 11892@DESKTOP-2UJD56F

[2021-06-08 16:58:22 #2 type.registry] 
New type domain.Question

[2021-06-08 16:58:22 #3 type] 
Type domain.Question is not enhanced.

[2021-06-08 16:58:22 #4 type.registry] 
New type domain.Event

[2021-06-08 16:58:22 #5 type] 
Type domain.Event is not enhanced.

[2021-06-08 16:58:22 #6 type.registry] 
New type java.util.Vector<domain.Question>

[2021-06-08 16:58:22 #7 type.registry] 
New type java.util.Vector<java.lang.Object>

------------------------------------------------------------------------------------------------------------------------

[2021-06-08 16:59:15 #1 store] 
Database 'C:\Users\acr12\OneDrive\Documentos\Universidad\Segundo\IS\Evaluacion Global\Bets21-master\Lab01\resources\bets.temp' is opened by 7956@DESKTOP-2UJD56F

[2021-06-08 16:59:15 #2 type.registry] 
New type domain.Question

[2021-06-08 16:59:15 #3 type] 
Type domain.Question is not enhanced.

[2021-06-08 16:59:15 #4 type.registry] 
New type domain.Event

[2021-06-08 16:59:15 #5 type] 
Type domain.Event is not enhanced.

[2021-06-08 16:59:15 #6 type.registry] 
New type java.util.Vector<domain.Question>

[2021-06-08 16:59:15 #7 type.registry] 
New type java.util.Vector<java.lang.Object>

