------------------------------------------------------------------------------------------------------------------------

[2021-01-28 15:45:40 #1 type.registry] 
New type domain.Question

[2021-01-28 15:45:40 #2 type] 
Type domain.Question is not enhanced.

[2021-01-28 15:45:40 #3 type.registry] 
New type domain.Event

[2021-01-28 15:45:40 #4 type] 
Type domain.Event is not enhanced.

[2021-01-28 15:45:41 #5 type.registry] 
New type java.util.Vector<domain.Question>

[2021-01-28 15:45:41 #6 type.registry] 
New type java.util.Vector<java.lang.Object>

------------------------------------------------------------------------------------------------------------------------

[2021-01-28 16:24:54 #1 type.registry] 
New type domain.Question

[2021-01-28 16:24:54 #2 type] 
Type domain.Question is not enhanced.

[2021-01-28 16:24:54 #3 type.registry] 
New type domain.Event

[2021-01-28 16:24:54 #4 type] 
Type domain.Event is not enhanced.

[2021-01-28 16:24:54 #5 type.registry] 
New type java.util.Vector<domain.Question>

[2021-01-28 16:24:54 #6 type.registry] 
New type java.util.Vector<java.lang.Object>

------------------------------------------------------------------------------------------------------------------------

[2021-01-28 16:26:23 #1 type.registry] 
New type domain.Question

[2021-01-28 16:26:23 #2 type] 
Type domain.Question is not enhanced.

[2021-01-28 16:26:23 #3 type.registry] 
New type domain.Event

[2021-01-28 16:26:23 #4 type] 
Type domain.Event is not enhanced.

[2021-01-28 16:26:23 #5 type.registry] 
New type java.util.Vector<domain.Question>

[2021-01-28 16:26:23 #6 type.registry] 
New type java.util.Vector<java.lang.Object>

------------------------------------------------------------------------------------------------------------------------

[2021-01-28 16:28:58 #1 type.registry] 
New type domain.Question

[2021-01-28 16:28:58 #2 type] 
Type domain.Question is not enhanced.

[2021-01-28 16:28:58 #3 type.registry] 
New type domain.Event

[2021-01-28 16:28:58 #4 type] 
Type domain.Event is not enhanced.

[2021-01-28 16:28:58 #5 type.registry] 
New type java.util.Vector<domain.Question>

[2021-01-28 16:28:58 #6 type.registry] 
New type java.util.Vector<java.lang.Object>

